2025-08-27 15:59:02,629 - root - INFO - 🚀 Programa iniciado
2025-08-27 15:59:14,523 - root - INFO - 📥 Iniciando download: https://www.youtube.com/watch?v=sNynNxJ8Syo
2025-08-27 15:59:19,595 - root - INFO - 📺 Título: BAGAGEM DE MÃO 2025: O QUE PODE LEVAR NA GOL, LATAM E AZUL (REGRAS, MEDIDAS E PESO)
2025-08-27 15:59:19,596 - root - INFO - ⏱️ Duração: 11min 27s
2025-08-27 15:59:19,652 - root - DEBUG - [youtube] Extracting URL: https://www.youtube.com/watch?v=sNynNxJ8Syo
2025-08-27 15:59:19,653 - root - DEBUG - [youtube] sNynNxJ8Syo: Downloading webpage
2025-08-27 15:59:20,618 - root - DEBUG - [youtube] sNynNxJ8Syo: Downloading tv client config
2025-08-27 15:59:21,092 - root - DEBUG - [youtube] sNynNxJ8Syo: Downloading tv player API JSON
2025-08-27 15:59:21,608 - root - DEBUG - [youtube] sNynNxJ8Syo: Downloading tv simply player API JSON
2025-08-27 15:59:23,958 - root - DEBUG - [info] sNynNxJ8Syo: Downloading 1 format(s): 18
2025-08-27 15:59:23,971 - root - DEBUG - [download] downloads\bagagem-de-mao-2025-o-que-pode-levar-na-gol-latam-e-azul-regras-medidas-e-peso.mp4 has already been downloaded
2025-08-27 15:59:23,971 - root - DEBUG - [download] 100% of   29.63MiB
2025-08-27 15:59:23,991 - root - INFO - 🎧 Extraindo áudio: bagagem-de-mao-2025-o-que-pode-levar-na-gol-latam-e-azul-regras-medidas-e-peso.mp3
2025-08-27 16:04:46,088 - root - INFO - 🚀 Programa iniciado
2025-08-27 16:04:58,475 - root - INFO - 📥 Iniciando download: https://www.youtube.com/watch?v=sNynNxJ8Syo
2025-08-27 16:05:03,282 - root - INFO - 📺 Título: BAGAGEM DE MÃO 2025: O QUE PODE LEVAR NA GOL, LATAM E AZUL (REGRAS, MEDIDAS E PESO)
2025-08-27 16:05:03,282 - root - INFO - ⏱️ Duração: 11min 27s
2025-08-27 16:05:03,335 - root - DEBUG - [youtube] Extracting URL: https://www.youtube.com/watch?v=sNynNxJ8Syo
2025-08-27 16:05:03,336 - root - DEBUG - [youtube] sNynNxJ8Syo: Downloading webpage
2025-08-27 16:05:04,202 - root - DEBUG - [youtube] sNynNxJ8Syo: Downloading tv client config
2025-08-27 16:05:04,646 - root - DEBUG - [youtube] sNynNxJ8Syo: Downloading tv player API JSON
2025-08-27 16:05:05,178 - root - DEBUG - [youtube] sNynNxJ8Syo: Downloading tv simply player API JSON
2025-08-27 16:05:07,428 - root - DEBUG - [info] sNynNxJ8Syo: Downloading 1 format(s): 18
2025-08-27 16:05:07,441 - root - DEBUG - [download] downloads\bagagem-de-mao-2025-o-que-pode-levar-na-gol-latam-e-azul-regras-medidas-e-peso.mp4 has already been downloaded
2025-08-27 16:05:07,441 - root - DEBUG - [download] 100% of   29.63MiB
2025-08-27 16:05:07,460 - root - INFO - 🎧 Extraindo áudio: bagagem-de-mao-2025-o-que-pode-levar-na-gol-latam-e-azul-regras-medidas-e-peso.mp3
